<?xml version="1.0" encoding="UTF-8"?>
<!-- Generated by org.testng.reporters.JUnitReportReporter -->
<testsuite hostname="DESKTOP-MUKBM6R" failures="0" tests="3" name="utils.ExeclDataProvider" time="48.104" errors="0" timestamp="2024-03-20T19:25:36 IST" skipped="0">
  <testcase classname="utils.ExeclDataProvider" name="test1" time="22.290"/>
  <system-out/>
  <testcase classname="utils.ExeclDataProvider" name="test1" time="14.146"/>
  <system-out/>
  <testcase classname="utils.ExeclDataProvider" name="test1" time="11.668"/>
  <system-out/>
</testsuite> <!-- utils.ExeclDataProvider -->
