<?xml version="1.0" encoding="UTF-8"?>
<!-- Generated by org.testng.reporters.JUnitReportReporter -->
<testsuite hostname="DESKTOP-MUKBM6R" failures="0" tests="3" name="demo.TestNGDependencyDemo" time="0.013" errors="0" timestamp="2024-03-19T16:32:30 IST" skipped="0">
  <testcase classname="demo.TestNGDependencyDemo" name="test3" time="0.001"/>
  <system-out/>
  <testcase classname="demo.TestNGDependencyDemo" name="test1" time="0.001"/>
  <system-out/>
  <testcase classname="demo.TestNGDependencyDemo" name="test2" time="0.011"/>
  <system-out/>
</testsuite> <!-- demo.TestNGDependencyDemo -->
