<?xml version="1.0" encoding="UTF-8"?>
<!-- Generated by org.testng.reporters.JUnitReportReporter -->
<testsuite hostname="DESKTOP-MUKBM6R" failures="0" tests="3" name="demo.TestNGPriorityDemo" time="0.011" errors="0" timestamp="2024-03-19T15:52:06 IST" skipped="0">
  <testcase classname="demo.TestNGPriorityDemo" name="test3" time="0.011"/>
  <system-out/>
  <testcase classname="demo.TestNGPriorityDemo" name="test1" time="0.000"/>
  <system-out/>
  <testcase classname="demo.TestNGPriorityDemo" name="test2" time="0.000"/>
  <system-out/>
</testsuite> <!-- demo.TestNGPriorityDemo -->
