<?xml version="1.0" encoding="UTF-8"?>
<!-- Generated by org.testng.reporters.JUnitReportReporter -->
<testsuite hostname="DESKTOP-MUKBM6R" failures="0" tests="3" name="utils.ExeclDataProvider" time="66.908" errors="0" timestamp="2024-03-20T10:33:52 IST" skipped="0">
  <testcase classname="utils.ExeclDataProvider" name="test1" time="19.234"/>
  <system-out/>
  <testcase classname="utils.ExeclDataProvider" name="test1" time="26.407"/>
  <system-out/>
  <testcase classname="utils.ExeclDataProvider" name="test1" time="21.267"/>
  <system-out/>
</testsuite> <!-- utils.ExeclDataProvider -->
