<?xml version="1.0" encoding="UTF-8"?>
<!-- Generated by org.testng.reporters.JUnitReportReporter -->
<testsuite hostname="DESKTOP-MUKBM6R" failures="0" tests="1" name="demo.TestNGDemo" time="0.005" errors="0" timestamp="2024-03-19T16:37:01 IST" skipped="0">
  <testcase classname="demo.TestNGDemo" name="test2" time="0.005"/>
  <system-out/>
</testsuite> <!-- demo.TestNGDemo -->
