<?xml version="1.0" encoding="UTF-8"?>
<!-- Generated by org.testng.reporters.JUnitReportReporter -->
<testsuite hostname="DESKTOP-MUKBM6R" failures="0" tests="1" name="demo.TestNGParamerersDemo" time="0.006" errors="0" timestamp="2024-03-19T16:26:14 IST" skipped="0">
  <testcase classname="demo.TestNGParamerersDemo" name="test" time="0.006"/>
  <system-out/>
</testsuite> <!-- demo.TestNGParamerersDemo -->
