<?xml version="1.0" encoding="UTF-8"?>
<!-- Generated by org.testng.reporters.JUnitReportReporter -->
<testsuite hostname="DESKTOP-MUKBM6R" failures="0" tests="1" name="test.Test1_GoogleSearch" time="3.390" errors="0" timestamp="2024-03-20T14:58:50 IST" skipped="0">
  <testcase classname="test.Test1_GoogleSearch" name="googleSearch" time="3.390"/>
  <system-out/>
</testsuite> <!-- test.Test1_GoogleSearch -->
