<?xml version="1.0" encoding="UTF-8"?>
<!-- Generated by org.testng.reporters.JUnitReportReporter -->
<testsuite hostname="DESKTOP-MUKBM6R" failures="0" tests="1" name="test.Test1_GoogleSearch2" time="63.529" errors="0" timestamp="2024-03-20T12:39:15 IST" skipped="0">
  <testcase classname="test.Test1_GoogleSearch2" name="googleSearch2" time="63.529"/>
  <system-out/>
</testsuite> <!-- test.Test1_GoogleSearch2 -->
