<?xml version="1.0" encoding="UTF-8"?>
<!-- Generated by org.testng.reporters.JUnitReportReporter -->
<testsuite hostname="DESKTOP-MUKBM6R" failures="0" tests="1" name="test.Test_Homework1" time="45.318" errors="0" timestamp="2024-03-20T12:41:12 IST" skipped="0">
  <testcase classname="test.Test_Homework1" name="googleSearch2" time="45.318"/>
  <system-out/>
</testsuite> <!-- test.Test_Homework1 -->
