<?xml version="1.0" encoding="UTF-8"?>
<!-- Generated by org.testng.reporters.JUnitReportReporter -->
<testsuite hostname="DESKTOP-MUKBM6R" failures="0" tests="3" name="demo.TestNGGroupsDemo" time="0.010" errors="0" timestamp="2024-03-19T16:13:32 IST" skipped="0">
  <testcase classname="demo.TestNGGroupsDemo" name="test2" time="0.001"/>
  <system-out/>
  <testcase classname="demo.TestNGGroupsDemo" name="test3" time="0.002"/>
  <system-out/>
  <testcase classname="demo.TestNGGroupsDemo" name="test1" time="0.007"/>
  <system-out/>
</testsuite> <!-- demo.TestNGGroupsDemo -->
